0 info it worked if it ends with ok
1 verbose cli [ 'node', '/usr/local/bin/npm', 'install', '-g', 'http-server' ]
2 info using npm@1.4.28
3 info using node@v0.10.35
4 verbose cache add [ 'http-server', null ]
5 verbose cache add name=undefined spec="http-server" args=["http-server",null]
6 verbose parsed url { protocol: null,
6 verbose parsed url   slashes: null,
6 verbose parsed url   auth: null,
6 verbose parsed url   host: null,
6 verbose parsed url   port: null,
6 verbose parsed url   hostname: null,
6 verbose parsed url   hash: null,
6 verbose parsed url   search: null,
6 verbose parsed url   query: null,
6 verbose parsed url   pathname: 'http-server',
6 verbose parsed url   path: 'http-server',
6 verbose parsed url   href: 'http-server' }
7 silly lockFile ed608307-http-server http-server
8 verbose lock http-server /Users/jhancock/.npm/ed608307-http-server.lock
9 silly lockFile ed608307-http-server http-server
10 silly lockFile ed608307-http-server http-server
11 verbose addNamed [ 'http-server', '' ]
12 verbose addNamed [ null, '*' ]
13 silly lockFile 550353c6-http-server http-server@
14 verbose lock http-server@ /Users/jhancock/.npm/550353c6-http-server.lock
15 silly addNameRange { name: 'http-server', range: '*', hasData: false }
16 verbose request where is /http-server
17 verbose request registry https://registry.npmjs.org/
18 verbose request id 0f5eb5d898f9130d
19 verbose url raw /http-server
20 verbose url resolving [ 'https://registry.npmjs.org/', './http-server' ]
21 verbose url resolved https://registry.npmjs.org/http-server
22 verbose request where is https://registry.npmjs.org/http-server
23 info trying registry request attempt 1 at 14:28:36
24 verbose etag "DTTB5FNMQ9USKRG0SUUXGLWO8"
25 http GET https://registry.npmjs.org/http-server
26 http 304 https://registry.npmjs.org/http-server
27 silly registry.get cb [ 304,
27 silly registry.get   { date: 'Fri, 13 Feb 2015 21:28:36 GMT',
27 silly registry.get     server: 'Apache',
27 silly registry.get     via: '1.1 varnish',
27 silly registry.get     'last-modified': 'Fri, 13 Feb 2015 21:28:36 GMT',
27 silly registry.get     'cache-control': 'max-age=60',
27 silly registry.get     etag: '"DTTB5FNMQ9USKRG0SUUXGLWO8"',
27 silly registry.get     age: '35',
27 silly registry.get     'x-served-by': 'cache-dfw1829-DFW',
27 silly registry.get     'x-cache': 'HIT',
27 silly registry.get     'x-cache-hits': '1',
27 silly registry.get     'x-timer': 'S1423862916.333656,VS0,VE0',
27 silly registry.get     vary: 'Accept',
27 silly registry.get     'content-length': '0',
27 silly registry.get     'keep-alive': 'timeout=10, max=50',
27 silly registry.get     connection: 'Keep-Alive' } ]
28 verbose etag https://registry.npmjs.org/http-server from cache
29 silly addNameRange number 2 { name: 'http-server', range: '*', hasData: true }
30 silly addNameRange versions [ 'http-server',
30 silly addNameRange   [ '0.1.0',
30 silly addNameRange     '0.1.1',
30 silly addNameRange     '0.1.3',
30 silly addNameRange     '0.2.1',
30 silly addNameRange     '0.2.2',
30 silly addNameRange     '0.2.3',
30 silly addNameRange     '0.2.4',
30 silly addNameRange     '0.2.5',
30 silly addNameRange     '0.2.6',
30 silly addNameRange     '0.2.9',
30 silly addNameRange     '0.3.0',
30 silly addNameRange     '0.4.0',
30 silly addNameRange     '0.4.1',
30 silly addNameRange     '0.5.0',
30 silly addNameRange     '0.5.1',
30 silly addNameRange     '0.5.2',
30 silly addNameRange     '0.5.3',
30 silly addNameRange     '0.5.5',
30 silly addNameRange     '0.6.0',
30 silly addNameRange     '0.6.1',
30 silly addNameRange     '0.7.0',
30 silly addNameRange     '0.7.1',
30 silly addNameRange     '0.7.2',
30 silly addNameRange     '0.7.3',
30 silly addNameRange     '0.7.4' ] ]
31 verbose addNamed [ 'http-server', '0.7.4' ]
32 verbose addNamed [ '0.7.4', '0.7.4' ]
33 silly lockFile f9914dcb-http-server-0-7-4 http-server@0.7.4
34 verbose lock http-server@0.7.4 /Users/jhancock/.npm/f9914dcb-http-server-0-7-4.lock
35 silly lockFile ecf58082-ttp-server-http-server-0-7-4-tgz https://registry.npmjs.org/http-server/-/http-server-0.7.4.tgz
36 verbose lock https://registry.npmjs.org/http-server/-/http-server-0.7.4.tgz /Users/jhancock/.npm/ecf58082-ttp-server-http-server-0-7-4-tgz.lock
37 verbose addRemoteTarball [ 'https://registry.npmjs.org/http-server/-/http-server-0.7.4.tgz',
37 verbose addRemoteTarball   '6c23ea345d7db567a91f772924d2de6226b3f4cd' ]
38 info retry fetch attempt 1 at 14:28:36
39 verbose fetch to= /var/folders/6n/tjt2tqg52vzf_hfcj2ywsr2m0000gn/T/npm-4313-LLJjdtxv/registry.npmjs.org/http-server/-/http-server-0.7.4.tgz
40 http GET https://registry.npmjs.org/http-server/-/http-server-0.7.4.tgz
41 http 200 https://registry.npmjs.org/http-server/-/http-server-0.7.4.tgz
42 silly lockFile ecf58082-ttp-server-http-server-0-7-4-tgz https://registry.npmjs.org/http-server/-/http-server-0.7.4.tgz
43 silly lockFile ecf58082-ttp-server-http-server-0-7-4-tgz https://registry.npmjs.org/http-server/-/http-server-0.7.4.tgz
44 silly lockFile f9914dcb-http-server-0-7-4 http-server@0.7.4
45 silly lockFile f9914dcb-http-server-0-7-4 http-server@0.7.4
46 silly lockFile 550353c6-http-server http-server@
47 silly lockFile 550353c6-http-server http-server@
48 silly resolved [ { name: 'http-server',
48 silly resolved     version: '0.7.4',
48 silly resolved     description: 'a simple zero-configuration command-line http server',
48 silly resolved     main: './lib/http-server',
48 silly resolved     repository:
48 silly resolved      { type: 'git',
48 silly resolved        url: 'git://github.com/nodeapps/http-server.git' },
48 silly resolved     keywords: [ 'cli', 'command' ],
48 silly resolved     scripts:
48 silly resolved      { start: 'node ./bin/http-server',
48 silly resolved        pretest: 'stylezero bin/ lib/ test',
48 silly resolved        test: 'vows --spec --isolate' },
48 silly resolved     contributors:
48 silly resolved      [ [Object],
48 silly resolved        [Object],
48 silly resolved        [Object],
48 silly resolved        [Object],
48 silly resolved        [Object],
48 silly resolved        [Object],
48 silly resolved        [Object],
48 silly resolved        [Object],
48 silly resolved        [Object],
48 silly resolved        [Object] ],
48 silly resolved     dependencies:
48 silly resolved      { colors: '1.0.3',
48 silly resolved        optimist: '0.6.x',
48 silly resolved        union: '~0.4.3',
48 silly resolved        ecstatic: '~0.5.6',
48 silly resolved        portfinder: '0.2.x',
48 silly resolved        opener: '~1.4.0' },
48 silly resolved     devDependencies: { vows: '0.7.x', request: '2.49.x', stylezero: '2.1.1' },
48 silly resolved     bugs: { url: 'https://github.com/nodeapps/http-server/issues' },
48 silly resolved     licenses: [ [Object] ],
48 silly resolved     analyze: false,
48 silly resolved     preferGlobal: 'true',
48 silly resolved     bin: { 'http-server': './bin/http-server', hs: './bin/http-server' },
48 silly resolved     gitHead: '4407db12d676a948eef7a2262490bdda4e07b3e9',
48 silly resolved     homepage: 'https://github.com/nodeapps/http-server',
48 silly resolved     _id: 'http-server@0.7.4',
48 silly resolved     _shasum: '6c23ea345d7db567a91f772924d2de6226b3f4cd',
48 silly resolved     _from: 'http-server@',
48 silly resolved     _npmVersion: '2.1.9',
48 silly resolved     _nodeVersion: '0.10.33',
48 silly resolved     _npmUser: { name: 'indexzero', email: 'charlie.robbins@gmail.com' },
48 silly resolved     maintainers: [ [Object] ],
48 silly resolved     dist:
48 silly resolved      { shasum: '6c23ea345d7db567a91f772924d2de6226b3f4cd',
48 silly resolved        tarball: 'http://registry.npmjs.org/http-server/-/http-server-0.7.4.tgz' },
48 silly resolved     directories: {},
48 silly resolved     _resolved: 'https://registry.npmjs.org/http-server/-/http-server-0.7.4.tgz' } ]
49 info install http-server@0.7.4 into /usr/local/lib
50 info installOne http-server@0.7.4
51 verbose lib/node_modules/http-server unbuild
52 verbose tar unpack /Users/jhancock/.npm/http-server/0.7.4/package.tgz
53 silly lockFile c2cc12bc-cal-lib-node-modules-http-server tar:///usr/local/lib/node_modules/http-server
54 verbose lock tar:///usr/local/lib/node_modules/http-server /Users/jhancock/.npm/c2cc12bc-cal-lib-node-modules-http-server.lock
55 silly lockFile 6c97a291-pm-http-server-0-7-4-package-tgz tar:///Users/jhancock/.npm/http-server/0.7.4/package.tgz
56 verbose lock tar:///Users/jhancock/.npm/http-server/0.7.4/package.tgz /Users/jhancock/.npm/6c97a291-pm-http-server-0-7-4-package-tgz.lock
57 silly gunzTarPerm modes [ '755', '644' ]
58 error Error: EACCES, mkdir '/usr/local/lib/node_modules/http-server'
58 error  { [Error: EACCES, mkdir '/usr/local/lib/node_modules/http-server']
58 error   errno: 3,
58 error   code: 'EACCES',
58 error   path: '/usr/local/lib/node_modules/http-server',
58 error   fstream_type: 'Directory',
58 error   fstream_path: '/usr/local/lib/node_modules/http-server',
58 error   fstream_class: 'DirWriter',
58 error   fstream_stack:
58 error    [ '/usr/local/lib/node_modules/npm/node_modules/fstream/lib/dir-writer.js:36:23',
58 error      '/usr/local/lib/node_modules/npm/node_modules/mkdirp/index.js:46:53',
58 error      'Object.oncomplete (fs.js:108:15)' ] }
59 error Please try running this command again as root/Administrator.
60 error System Darwin 14.1.0
61 error command "node" "/usr/local/bin/npm" "install" "-g" "http-server"
62 error cwd /Users/jhancock/dev/politicalapp/political-app-frontend
63 error node -v v0.10.35
64 error npm -v 1.4.28
65 error path /usr/local/lib/node_modules/http-server
66 error fstream_path /usr/local/lib/node_modules/http-server
67 error fstream_type Directory
68 error fstream_class DirWriter
69 error code EACCES
70 error errno 3
71 error stack Error: EACCES, mkdir '/usr/local/lib/node_modules/http-server'
72 error fstream_stack /usr/local/lib/node_modules/npm/node_modules/fstream/lib/dir-writer.js:36:23
72 error fstream_stack /usr/local/lib/node_modules/npm/node_modules/mkdirp/index.js:46:53
72 error fstream_stack Object.oncomplete (fs.js:108:15)
73 verbose exit [ 3, true ]
